<?xml version="1.0" encoding="UTF-8"?>
<testsuite xmlns:xsi="http://www.w3.org/2001/XMLSchema-instance" xsi:noNamespaceSchemaLocation="https://maven.apache.org/surefire/maven-surefire-plugin/xsd/surefire-test-report-3.0.xsd" version="3.0" name="org.exemple.CalculatorTest" time="1.328" tests="4" errors="0" skipped="0" failures="0">
  <properties>
[...]
</properties>
  <testcase name="testAddition" classname="org.exemple.CalculatorTest" time="0.048"/>
  <testcase name="testSubtractionWithLogging" classname="org.exemple.CalculatorTest" time="1.233">
    <system-err><![CDATA[avr. 26, 2025 11:25:45 P.M. org.example.Calculator subtract
WARNING: Soustraction avec b = 0. Aucun changement nécessaire.
]]></system-err>
  </testcase>
  <testcase name="testPrintCalculation" classname="org.exemple.CalculatorTest" time="0.0"/>
  <testcase name="testSubtraction" classname="org.exemple.CalculatorTest" time="0.002">
    <system-err><![CDATA[avr. 26, 2025 11:25:45 P.M. org.example.Calculator subtract
WARNING: Soustraction avec b = 0. Aucun changement nécessaire.
]]></system-err>
  </testcase>
</testsuite>